<mxfile userAgent="Mozilla/5.0 (X11; Linux x86_64) AppleWebKit/537.36 (KHTML, like Gecko) Ubuntu Chromium/64.0.3282.119 Chrome/64.0.3282.119 Safari/537.36" version="8.0.7" editor="www.draw.io" type="device"><diagram name="Page-1" id="e56a1550-8fbb-45ad-956c-1786394a9013">3ZnLcpswFIafhm1HIPBlmbhOumimbZJO66UCCtBg5BFybOfpK4wAXTAmjk3tZpERR9KR/OuTOEdYcDJf31K0iO5IgBPLAcHagp8txxmPAf+fGzaFwRsNC0NI46Aw2bXhIX7Dwij6hcs4wJnSkBGSsHihGn2Spthnig1RSlZqs2eSqKMuUIgNw4OPEtP6Kw5YJKw2AHXFFxyHkRh65ImKJ+S/hJQsUzGe5cDn7V9RPUelL9E+i1BAVpIJTi04oYSwojRfT3CSS1vKVvS72VFbzZvilHXqAIseryhZ4nLK24mxTSlGxOYJL9kWvMZpcJXLyx+n92+Ykkdyh1K+yNcZQ5Tpdd9SnHcKuLbCHU6eyGpaG3KPN3FS+2d081t+mPEH8MnLH9cxy6uAKNc127ElL6YIQpeMLKkvfpUnsEI0xKKVW5jy+UrdhHC3mMwxnxBvsJKQKImIJBoqI8UJYvGrChUSbIaVw2qM7yTmM3aA2EaeK/yIXQRHnuqi+D2il7zKmiPX2+OoUMFwxAvSD69NW4iagXIMnn5mmBpMZYySl2pvcQGut5sGB2IJEfXFqWDn672KYoYfFmi7eCt+5HCbhCVK4jDlZZ8vOB+shYBXTBlet66uqIWaZiPxuG/xy25Ny6zo2iKiuSnvCVfu8kTUCe5TRNcQ8RFn7AJF1EmEgx5V9AwVJ4jhkAgvl6WkcaD2qeTAUPLHkgMZk/QCldSZdMc9Kjk0lLxKs9VFvmXswT8kcmToOM3L6D9hsgqy+9BybAgmh72EsoiEJEWJHPvWAgJVnSrUrQLfmaj5gxnbCJ3RkhFuqn1/JWRhvSMEFrGaHAIL094QuHNk21U/2wwcDUUPSUTmKA1EGqJmGjuzibYcpErXwL68ptMCwMMXoLccBKqbyobaZjk0B7GBqzo6Xg5im0HLaVkqiZEAmklsNW/l9rQ4N/CK/PSLfZR8YEuPzowoOB4fhyjdUXV7dAKizOCtn9NJoQa0sLaXqE74uJeHD9Tf3gfjMzodPmbE2hkfkuL99KjvpV6OI/nSDXyAr8GZ8eUCLbMBh166aY48+2SXbrYZyZ/2eGq/0W05oXZGXZ3wGZj4DM8MHz0JMVa9Kz7V26zkUD/nduDDVw9tpGaLvEG2e8L6OB5QvhjwQuHxYDbH58RmI3+Ot+fU7ARnQ+h1bnBWr7gqBj8SnM6w29n2UTht8eHiWHCWNwTnAWdFoJp4OvX5qJHUyKTxRet8DkO7fFG9O1bTr8CH8CS8QdA84QN544/1p9yief25HE7/Ag==</diagram></mxfile>