<mxfile userAgent="Mozilla/5.0 (X11; Linux x86_64) AppleWebKit/537.36 (KHTML, like Gecko) Ubuntu Chromium/64.0.3282.140 Chrome/64.0.3282.140 Safari/537.36" version="8.1.5" editor="www.draw.io" type="device"><diagram name="Page-1" id="e56a1550-8fbb-45ad-956c-1786394a9013">3ZrLcpswFIafxtuOQODLMkmddNFM2iSdNksFFKDByCPk2M7TVxgBumBMsE3sZpGBI+lI/vXp6Ej2AF7NVjcUzcNb4uN4YAN/NYBfB7Y9mQD+PzOsc4M7HuWGgEZ+brIqw0P0joVRtAsWkY9TpSIjJGbRXDV6JEmwxxQbopQs1WovJFZ7naMAG4YHD8Wm9Xfks1BYLQCqgm84CkLR9dgVBc/Iew0oWSSiv4ENXzZ/efEMFb5E/TREPllKJjgdwCtKCMufZqsrHGfSFrLl7a63lJbjpjhhrRrAvMUbihe4GPJmYGxdiBGyWcyfrAG8xIl/kcnLX6f375iSR3KLEj7JlylDlOlldwnOGvlcW+EOx89kOa0MmcfrKK78M7r+I7888Rfwxc1eVxHLioB4rko2fUteTBGELilZUE98KldghWiARS0nN2XjlZoJ4W4wmWE+IF5hKSFREBFKNJRGimPEojcVKiTYDEqHZR8/SMRHbAOxjFxH+BGrCI5d1UX+eUQreZY1R467w1GuguGIP0gfvDJtIKoHyjZ4+pViajCVMkpey7XFBbjcLBrsiylE1BNRwcrmexlGDD/M0WbyljzkcJuEJYqjIOHPHp9w3lkDAW+YMrxqnF1RCjXNxuJ11+QXzeqmWdG1QURzUd4Trtz5iagT3KeIjiHiI07ZGYqokwiHParoGipeIYYDIrycl5JGQO1TyaGh5M8FBzIiyRkqqTPpTHpUcmQoeZGky7PcZazhJxI5NnScZs/oP2GyTLL70HJiCCanvYSykAQkQbGc+1YCAlWdMtUtE98nUfIXM7YWOqMFI9xU+f5OyHzwgRRY5GpyCixMO1Pg1pltW/0sM3E0FO1yEJmhxBfHEPWksfU00XQGKY9rYNe5ptUEwO4T0NsZBKqLyoLaYul6BrGAozo63BnEMpOW47JUECMB9CSxVb+Um4/FmYEXZNEv8lC8x5IenxhRcDI5DFG6o/L26AhEmclbP9FJoQY0sLaTqFb4OOeHD9R37874jI+Hj5mxtsaHJHg3Peq+1Es4ki/dwB58DU+MLwdoJxvQ9dJNc+RaR7t0s8xM/rjhqflGtyFCbc26WuEzNPEZnRg++iHEmPW2+JS7WcGhHue24MNnD62lavOsQrp9wHo/LlC+MeAPucfObE5Oic1a/mx3R9RsBWdN6nVqcJZbXJmDHwhOe9Qutu0LpyW+uDgUnMUNwWnAWRKoHjztxvh4yl9g6cHQKjaqD+dq+hX4CB6FNwjqB3ww3opLrYq3u/nnXbcZd2s1hLW+TO/1CrhYp10W7qx2yZKaRHrPlLjYbSwj29m21F0lYlRbj7aiuyRKnx0LnNGBEiOdu8Pl1fy1+uVFXr36dQuc/gM=</diagram></mxfile>