<mxfile userAgent="Mozilla/5.0 (X11; Linux x86_64) AppleWebKit/537.36 (KHTML, like Gecko) Ubuntu Chromium/64.0.3282.140 Chrome/64.0.3282.140 Safari/537.36" version="8.2.2" editor="www.draw.io" type="device"><diagram name="Page-1" id="e56a1550-8fbb-45ad-956c-1786394a9013">1VlLc5swEP41vnYEAj+Ojeukh2bSJu20OSpGARqMPEKO7fz6CrOAkDAQGr9yyEgraSW+/bQPeYCni80NJ8vglnk0GtjI2wzwl4FtTyZI/k8F20zgjkeZwOehl4msUvAQvlEQwjp/FXo0qUwUjEUiXFaFcxbHdC4qMsI5W1enPbOouuuS+NQQPMxJZEp/h54IQGohVA58paEfwNZjFwaeyPzF52wVw34DGz/v/rLhBcl1wfwkIB5bKyI8G+ApZ0xkrcVmSqMU2hy2bN31ntHi3JzGotMCnK14JdGK5kfeHUxsczACsYhkyxrgKxp7n1N4ZXd2/0Y5+8luSSyNfJUIwoU+dhfTdJEnsQV1NHpi61kpSDVeh1GpX/DtH7XzKDvok5t2N6FIhxC0y5Hd3ooWEwTAJWErPoevcoFWhPsUZjmZKD2vsgyAu6FsQeWB5IS1QomcEYHChkLIaURE+FolFQFu+oXCYo/vLJQnthFcI9cBPXCL8Nitqsi+B1apVtYUOW6LogwFQ5FsKB9einYkqieUbfDpV0K5walEcPZS3C0JwNXu0lAPTEj4HLyCldp7HYSCPizJznhr6XKkTKEliUI/lu25NLjcrIEBr5QLumm0LoxiDTNrDP026+fr6uxcAbYBRfNW3jMJ3eWh6J4SRcdA8SdNxAWiqHMRD4+IomugOCWC+gy0XBaSOh+PiuTQQPLHShIyZPEFIqlz0pkcEcmJAZiaZDAuAuazmERqplECiKroFIlFkWY8wshfKsQWcCYrwaSo1P2NseV7Eg6IjGrCAaLWhKNzHtEVP8sM0waifdK+BYk9SPqqed3e3K0p4yuSY9SWRXYyAO5vgKNlfFgLl1i7LH0zPgs5VUUfl/FZo/5cYjFtp1KVBjlfFPo8Ksyqv8jNJUgqkAOp7wtlDahVFKgrvxyTX8Mz45eDNKeN+lYUmiLXOlhFYY2P7KtaI8k+DjZ7ur4cOruyFH9UWWrrig5IosnZkag9JNa4uN6ZxrmRyB7rAaovieyqIhtpIfMD3zbQ6UhU83DWJxDu5U/7O1gNx07og/T8Jo8S76WPUVqPcCf6SOuRrTJtmU5IukdebKHmc6H6DyzZm52gN5fzgq/k8t3yQktRvag/aima+4A+TmFR6w5YTdb7n/lr7hCshmBT8+JeeKPOoWdYE3qsMws9zqgld+3qO/T3+QMmwTVvmbO0TU53ZY37WUOOvVfW1tybPTrclZXd8ge1DPvyR0s8+wc=</diagram></mxfile>